<?xml version="1.0" encoding="UTF-8"?>
<!-- Generated by org.testng.reporters.JUnitReportReporter -->
<testsuite hostname="DESKTOP-MS3E63D" failures="0" tests="1" name="com.todos.tests.AddTodoTest" time="9.923" errors="0" timestamp="11 Feb 2021 23:33:33 GMT">
  <testcase classname="com.todos.tests.AddTodoTest" name="iCanAddTodo" time="9.923"/>
</testsuite> <!-- com.todos.tests.AddTodoTest -->
